  Game.cpp
  main.cpp
  Player.cpp
  Scene.cpp
  Shader.cpp
  ShaderProgram.cpp
  Sprite.cpp
  Texture.cpp
  TileMap.cpp
C:\Users\Pere Tarrida Domingo\Desktop\UNI_Actual\VJ\Lab\ExOpenGL3\2DGame\02-Bubble\02-Bubble\TileMap.cpp(53,7): warning C4101: 'tile': variable local sin referencia
SOIL.lib(SOIL.obj) : warning LNK4075: se omite '/EDITANDCONTINUE' debido a la especificación '/OPT:ICF'
LINK : warning LNK4098: la biblioteca predeterminada'MSVCRTD' entra en conflicto con otras bibliotecas; use la biblioteca /NODEFAULTLIB:biblioteca
  Generando código
  Previous IPDB not found, fall back to full compilation.
  All 484 functions were compiled because no usable IPDB/IOBJ from previous compilation was found.
  Generación de código finalizada
SOIL.lib(image_DXT.obj) : warning LNK4099: no se encontró PDB '' con 'SOIL.lib(image_DXT.obj)' o en ''; se vinculará el objeto sin tener en cuenta información de depuración
SOIL.lib(image_helper.obj) : warning LNK4099: no se encontró PDB 'vc100.pdb' con 'SOIL.lib(image_helper.obj)' o en 'C:\Users\Pere Tarrida Domingo\Desktop\UNI_Actual\VJ\Lab\ExOpenGL3\2DGame\02-Bubble\Release\vc100.pdb'; se vinculará el objeto sin tener en cuenta información de depuración
SOIL.lib(SOIL.obj) : warning LNK4099: no se encontró PDB 'vc100.pdb' con 'SOIL.lib(SOIL.obj)' o en 'C:\Users\Pere Tarrida Domingo\Desktop\UNI_Actual\VJ\Lab\ExOpenGL3\2DGame\02-Bubble\Release\vc100.pdb'; se vinculará el objeto sin tener en cuenta información de depuración
SOIL.lib(stb_image_aug.obj) : warning LNK4099: no se encontró PDB 'vc100.pdb' con 'SOIL.lib(stb_image_aug.obj)' o en 'C:\Users\Pere Tarrida Domingo\Desktop\UNI_Actual\VJ\Lab\ExOpenGL3\2DGame\02-Bubble\Release\vc100.pdb'; se vinculará el objeto sin tener en cuenta información de depuración
  02-Bubble.vcxproj -> C:\Users\Pere Tarrida Domingo\Desktop\UNI_Actual\VJ\Lab\ExOpenGL3\2DGame\02-Bubble\Release\02-Bubble.exe
